[02-Oct-2025 02:52:35 UTC] WordPress database error Server shutdown in progress for query SELECT option_value FROM wp_options WHERE option_name = 'theme_mods_twentytwentyfive' LIMIT 1 made by include('phar:///opt/Local/resources/extraResources/bin/wp-cli/wp-cli.phar/php/boot-phar.php'), include('phar:///opt/Local/resources/extraResources/bin/wp-cli/wp-cli.phar/vendor/wp-cli/wp-cli/php/wp-cli.php'), WP_CLI\bootstrap, WP_CLI\Bootstrap\LaunchRunner->process, WP_CLI\Runner->start, WP_CLI\Runner->load_wordpress, require('wp-settings.php'), do_action('init'), WP_Hook->do_action, WP_Hook->apply_filters, wp_widgets_init, do_action('widgets_init'), WP_Hook->do_action, WP_Hook->apply_filters, _wp_block_theme_register_classic_sidebars, get_theme_mod, get_theme_mods, get_option
[02-Oct-2025 03:10:49 UTC] WordPress database error Table 'local.wp_phone_verifications' doesn't exist for query SELECT v.*, p.country_name, p.network_name as prefix_network_name, p.live_coverage
             FROM wp_phone_verifications v
             LEFT JOIN wp_phone_network_prefixes p ON v.prefix = p.prefix
             WHERE v.created_at >= '2025-09-02 03:10:49'
             ORDER BY v.created_at DESC made by require('wp-blog-header.php'), wp, WP->main, WP->parse_request, do_action_ref_array('parse_request'), WP_Hook->do_action, WP_Hook->apply_filters, rest_api_loaded, WP_REST_Server->serve_request, WP_REST_Server->dispatch, WP_REST_Server->respond_to_request, WP_REST_Posts_Controller->update_item, WP_REST_Posts_Controller->prepare_item_for_response, apply_filters('the_content'), WP_Hook->apply_filters, do_shortcode, preg_replace_callback, do_shortcode_tag, PhoneVerificationPlugin->phone_verification_shortcode, include('/plugins/phone-verification/templates/frontend/verification-form.php'), Phone_Verification_Verification::get_recent
[02-Oct-2025 03:10:49 UTC] WordPress database error Table 'local.wp_phone_verifications' doesn't exist for query SELECT v.*, p.country_name, p.network_name as prefix_network_name, p.live_coverage
             FROM wp_phone_verifications v
             LEFT JOIN wp_phone_network_prefixes p ON v.prefix = p.prefix
             WHERE v.created_at >= '2025-09-02 03:10:49'
             ORDER BY v.created_at DESC made by require('wp-blog-header.php'), wp, WP->main, WP->parse_request, do_action_ref_array('parse_request'), WP_Hook->do_action, WP_Hook->apply_filters, rest_api_loaded, WP_REST_Server->serve_request, WP_REST_Server->dispatch, WP_REST_Server->respond_to_request, WP_REST_Posts_Controller->update_item, WP_REST_Posts_Controller->prepare_item_for_response, apply_filters('rest_prepare_page'), WP_Hook->apply_filters, insert_hooked_blocks_into_rest_response, apply_filters('the_content'), WP_Hook->apply_filters, do_shortcode, preg_replace_callback, do_shortcode_tag, PhoneVerificationPlugin->phone_verification_shortcode, include('/plugins/phone-verification/templates/frontend/verification-form.php'), Phone_Verification_Verification::get_recent
[02-Oct-2025 03:10:52 UTC] WordPress database error Table 'local.wp_phone_verifications' doesn't exist for query SELECT v.*, p.country_name, p.network_name as prefix_network_name, p.live_coverage
             FROM wp_phone_verifications v
             LEFT JOIN wp_phone_network_prefixes p ON v.prefix = p.prefix
             WHERE v.created_at >= '2025-09-02 03:10:52'
             ORDER BY v.created_at DESC made by require('wp-blog-header.php'), require_once('wp-includes/template-loader.php'), include('wp-includes/template-canvas.php'), get_the_block_template_html, do_blocks, render_block, WP_Block->render, WP_Block->render, WP_Block->render, render_block_core_post_content, apply_filters('the_content'), WP_Hook->apply_filters, do_shortcode, preg_replace_callback, do_shortcode_tag, PhoneVerificationPlugin->phone_verification_shortcode, include('/plugins/phone-verification/templates/frontend/verification-form.php'), Phone_Verification_Verification::get_recent
[02-Oct-2025 03:11:49 UTC] WordPress database error Table 'local.wp_phone_network_prefixes' doesn't exist for query SELECT * FROM wp_phone_network_prefixes WHERE prefix = '855' AND min_length <= 3 AND max_length >= 3 made by do_action('wp_ajax_check_network_prefix'), WP_Hook->do_action, WP_Hook->apply_filters, Phone_Verification_Ajax_Handlers->check_network_prefix, Phone_Verification_Service->check_network_prefix
[02-Oct-2025 03:11:49 UTC] WordPress database error Table 'local.wp_phone_network_prefixes' doesn't exist for query SELECT * FROM wp_phone_network_prefixes WHERE prefix = '855' AND min_length <= 3 AND max_length >= 3 made by do_action('wp_ajax_check_network_prefix'), WP_Hook->do_action, WP_Hook->apply_filters, Phone_Verification_Ajax_Handlers->check_network_prefix, Phone_Verification_Service->check_network_prefix
[02-Oct-2025 03:11:49 UTC] WordPress database error Table 'local.wp_phone_network_prefixes' doesn't exist for query SELECT * FROM wp_phone_network_prefixes WHERE prefix = '855' AND min_length <= 3 AND max_length >= 3 made by do_action('wp_ajax_check_network_prefix'), WP_Hook->do_action, WP_Hook->apply_filters, Phone_Verification_Ajax_Handlers->check_network_prefix, Phone_Verification_Service->check_network_prefix
[02-Oct-2025 03:11:49 UTC] WordPress database error Table 'local.wp_phone_network_prefixes' doesn't exist for query SELECT * FROM wp_phone_network_prefixes WHERE prefix = '855' AND min_length <= 3 AND max_length >= 3 made by do_action('wp_ajax_check_network_prefix'), WP_Hook->do_action, WP_Hook->apply_filters, Phone_Verification_Ajax_Handlers->check_network_prefix, Phone_Verification_Service->check_network_prefix
[02-Oct-2025 03:11:49 UTC] WordPress database error Table 'local.wp_phone_network_prefixes' doesn't exist for query SELECT * FROM wp_phone_network_prefixes WHERE prefix = '85' AND min_length <= 3 AND max_length >= 3 made by do_action('wp_ajax_check_network_prefix'), WP_Hook->do_action, WP_Hook->apply_filters, Phone_Verification_Ajax_Handlers->check_network_prefix, Phone_Verification_Service->check_network_prefix
[02-Oct-2025 03:11:49 UTC] WordPress database error Table 'local.wp_phone_network_prefixes' doesn't exist for query SELECT * FROM wp_phone_network_prefixes WHERE prefix = '855' made by do_action('wp_ajax_check_network_prefix'), WP_Hook->do_action, WP_Hook->apply_filters, Phone_Verification_Ajax_Handlers->check_network_prefix, Phone_Verification_Service->check_network_prefix
[02-Oct-2025 03:11:49 UTC] WordPress database error Table 'local.wp_phone_network_prefixes' doesn't exist for query SELECT * FROM wp_phone_network_prefixes WHERE prefix = '855' made by do_action('wp_ajax_check_network_prefix'), WP_Hook->do_action, WP_Hook->apply_filters, Phone_Verification_Ajax_Handlers->check_network_prefix, Phone_Verification_Service->check_network_prefix
[02-Oct-2025 03:11:49 UTC] WordPress database error Table 'local.wp_phone_network_prefixes' doesn't exist for query SELECT * FROM wp_phone_network_prefixes WHERE prefix = '855' made by do_action('wp_ajax_check_network_prefix'), WP_Hook->do_action, WP_Hook->apply_filters, Phone_Verification_Ajax_Handlers->check_network_prefix, Phone_Verification_Service->check_network_prefix
[02-Oct-2025 03:11:49 UTC] WordPress database error Table 'local.wp_phone_network_prefixes' doesn't exist for query SELECT * FROM wp_phone_network_prefixes WHERE prefix = '855' made by do_action('wp_ajax_check_network_prefix'), WP_Hook->do_action, WP_Hook->apply_filters, Phone_Verification_Ajax_Handlers->check_network_prefix, Phone_Verification_Service->check_network_prefix
[02-Oct-2025 03:11:49 UTC] WordPress database error Table 'local.wp_phone_network_prefixes' doesn't exist for query SELECT * FROM wp_phone_network_prefixes WHERE prefix = '85' made by do_action('wp_ajax_check_network_prefix'), WP_Hook->do_action, WP_Hook->apply_filters, Phone_Verification_Ajax_Handlers->check_network_prefix, Phone_Verification_Service->check_network_prefix
[02-Oct-2025 03:11:49 UTC] WordPress database error Table 'local.wp_phone_network_prefixes' doesn't exist for query SELECT * FROM wp_phone_network_prefixes WHERE prefix LIKE '855%' ORDER BY prefix ASC made by do_action('wp_ajax_check_network_prefix'), WP_Hook->do_action, WP_Hook->apply_filters, Phone_Verification_Ajax_Handlers->check_network_prefix, Phone_Verification_Service->check_network_prefix
[02-Oct-2025 03:11:51 UTC] WordPress database error Table 'local.wp_phone_network_prefixes' doesn't exist for query SELECT * FROM wp_phone_network_prefixes WHERE prefix = '855128' AND min_length <= 6 AND max_length >= 6 made by do_action('wp_ajax_check_network_prefix'), WP_Hook->do_action, WP_Hook->apply_filters, Phone_Verification_Ajax_Handlers->check_network_prefix, Phone_Verification_Service->check_network_prefix
[02-Oct-2025 03:11:51 UTC] WordPress database error Table 'local.wp_phone_network_prefixes' doesn't exist for query SELECT * FROM wp_phone_network_prefixes WHERE prefix = '85512' AND min_length <= 6 AND max_length >= 6 made by do_action('wp_ajax_check_network_prefix'), WP_Hook->do_action, WP_Hook->apply_filters, Phone_Verification_Ajax_Handlers->check_network_prefix, Phone_Verification_Service->check_network_prefix
[02-Oct-2025 03:11:51 UTC] WordPress database error Table 'local.wp_phone_network_prefixes' doesn't exist for query SELECT * FROM wp_phone_network_prefixes WHERE prefix = '8551' AND min_length <= 6 AND max_length >= 6 made by do_action('wp_ajax_check_network_prefix'), WP_Hook->do_action, WP_Hook->apply_filters, Phone_Verification_Ajax_Handlers->check_network_prefix, Phone_Verification_Service->check_network_prefix
[02-Oct-2025 03:11:51 UTC] WordPress database error Table 'local.wp_phone_network_prefixes' doesn't exist for query SELECT * FROM wp_phone_network_prefixes WHERE prefix = '855' AND min_length <= 6 AND max_length >= 6 made by do_action('wp_ajax_check_network_prefix'), WP_Hook->do_action, WP_Hook->apply_filters, Phone_Verification_Ajax_Handlers->check_network_prefix, Phone_Verification_Service->check_network_prefix
[02-Oct-2025 03:11:51 UTC] WordPress database error Table 'local.wp_phone_network_prefixes' doesn't exist for query SELECT * FROM wp_phone_network_prefixes WHERE prefix = '85' AND min_length <= 6 AND max_length >= 6 made by do_action('wp_ajax_check_network_prefix'), WP_Hook->do_action, WP_Hook->apply_filters, Phone_Verification_Ajax_Handlers->check_network_prefix, Phone_Verification_Service->check_network_prefix
[02-Oct-2025 03:11:51 UTC] WordPress database error Table 'local.wp_phone_network_prefixes' doesn't exist for query SELECT * FROM wp_phone_network_prefixes WHERE prefix = '855128' made by do_action('wp_ajax_check_network_prefix'), WP_Hook->do_action, WP_Hook->apply_filters, Phone_Verification_Ajax_Handlers->check_network_prefix, Phone_Verification_Service->check_network_prefix
[02-Oct-2025 03:11:51 UTC] WordPress database error Table 'local.wp_phone_network_prefixes' doesn't exist for query SELECT * FROM wp_phone_network_prefixes WHERE prefix = '85512' made by do_action('wp_ajax_check_network_prefix'), WP_Hook->do_action, WP_Hook->apply_filters, Phone_Verification_Ajax_Handlers->check_network_prefix, Phone_Verification_Service->check_network_prefix
[02-Oct-2025 03:11:51 UTC] WordPress database error Table 'local.wp_phone_network_prefixes' doesn't exist for query SELECT * FROM wp_phone_network_prefixes WHERE prefix = '8551' made by do_action('wp_ajax_check_network_prefix'), WP_Hook->do_action, WP_Hook->apply_filters, Phone_Verification_Ajax_Handlers->check_network_prefix, Phone_Verification_Service->check_network_prefix
[02-Oct-2025 03:11:51 UTC] WordPress database error Table 'local.wp_phone_network_prefixes' doesn't exist for query SELECT * FROM wp_phone_network_prefixes WHERE prefix = '855' made by do_action('wp_ajax_check_network_prefix'), WP_Hook->do_action, WP_Hook->apply_filters, Phone_Verification_Ajax_Handlers->check_network_prefix, Phone_Verification_Service->check_network_prefix
[02-Oct-2025 03:11:51 UTC] WordPress database error Table 'local.wp_phone_network_prefixes' doesn't exist for query SELECT * FROM wp_phone_network_prefixes WHERE prefix = '85' made by do_action('wp_ajax_check_network_prefix'), WP_Hook->do_action, WP_Hook->apply_filters, Phone_Verification_Ajax_Handlers->check_network_prefix, Phone_Verification_Service->check_network_prefix
[02-Oct-2025 03:11:51 UTC] WordPress database error Table 'local.wp_phone_network_prefixes' doesn't exist for query SELECT * FROM wp_phone_network_prefixes WHERE prefix LIKE '855128%' ORDER BY prefix ASC made by do_action('wp_ajax_check_network_prefix'), WP_Hook->do_action, WP_Hook->apply_filters, Phone_Verification_Ajax_Handlers->check_network_prefix, Phone_Verification_Service->check_network_prefix
[02-Oct-2025 03:11:52 UTC] WordPress database error Table 'local.wp_phone_network_prefixes' doesn't exist for query SELECT * FROM wp_phone_network_prefixes WHERE prefix = '855128' AND min_length <= 7 AND max_length >= 7 made by do_action('wp_ajax_check_network_prefix'), WP_Hook->do_action, WP_Hook->apply_filters, Phone_Verification_Ajax_Handlers->check_network_prefix, Phone_Verification_Service->check_network_prefix
[02-Oct-2025 03:11:52 UTC] WordPress database error Table 'local.wp_phone_network_prefixes' doesn't exist for query SELECT * FROM wp_phone_network_prefixes WHERE prefix = '85512' AND min_length <= 7 AND max_length >= 7 made by do_action('wp_ajax_check_network_prefix'), WP_Hook->do_action, WP_Hook->apply_filters, Phone_Verification_Ajax_Handlers->check_network_prefix, Phone_Verification_Service->check_network_prefix
[02-Oct-2025 03:11:52 UTC] WordPress database error Table 'local.wp_phone_network_prefixes' doesn't exist for query SELECT * FROM wp_phone_network_prefixes WHERE prefix = '8551' AND min_length <= 7 AND max_length >= 7 made by do_action('wp_ajax_check_network_prefix'), WP_Hook->do_action, WP_Hook->apply_filters, Phone_Verification_Ajax_Handlers->check_network_prefix, Phone_Verification_Service->check_network_prefix
[02-Oct-2025 03:11:52 UTC] WordPress database error Table 'local.wp_phone_network_prefixes' doesn't exist for query SELECT * FROM wp_phone_network_prefixes WHERE prefix = '855' AND min_length <= 7 AND max_length >= 7 made by do_action('wp_ajax_check_network_prefix'), WP_Hook->do_action, WP_Hook->apply_filters, Phone_Verification_Ajax_Handlers->check_network_prefix, Phone_Verification_Service->check_network_prefix
[02-Oct-2025 03:11:52 UTC] WordPress database error Table 'local.wp_phone_network_prefixes' doesn't exist for query SELECT * FROM wp_phone_network_prefixes WHERE prefix = '85' AND min_length <= 7 AND max_length >= 7 made by do_action('wp_ajax_check_network_prefix'), WP_Hook->do_action, WP_Hook->apply_filters, Phone_Verification_Ajax_Handlers->check_network_prefix, Phone_Verification_Service->check_network_prefix
[02-Oct-2025 03:11:52 UTC] WordPress database error Table 'local.wp_phone_network_prefixes' doesn't exist for query SELECT * FROM wp_phone_network_prefixes WHERE prefix = '855128' made by do_action('wp_ajax_check_network_prefix'), WP_Hook->do_action, WP_Hook->apply_filters, Phone_Verification_Ajax_Handlers->check_network_prefix, Phone_Verification_Service->check_network_prefix
[02-Oct-2025 03:11:52 UTC] WordPress database error Table 'local.wp_phone_network_prefixes' doesn't exist for query SELECT * FROM wp_phone_network_prefixes WHERE prefix = '85512' made by do_action('wp_ajax_check_network_prefix'), WP_Hook->do_action, WP_Hook->apply_filters, Phone_Verification_Ajax_Handlers->check_network_prefix, Phone_Verification_Service->check_network_prefix
[02-Oct-2025 03:11:52 UTC] WordPress database error Table 'local.wp_phone_network_prefixes' doesn't exist for query SELECT * FROM wp_phone_network_prefixes WHERE prefix = '8551' made by do_action('wp_ajax_check_network_prefix'), WP_Hook->do_action, WP_Hook->apply_filters, Phone_Verification_Ajax_Handlers->check_network_prefix, Phone_Verification_Service->check_network_prefix
[02-Oct-2025 03:11:52 UTC] WordPress database error Table 'local.wp_phone_network_prefixes' doesn't exist for query SELECT * FROM wp_phone_network_prefixes WHERE prefix = '855' made by do_action('wp_ajax_check_network_prefix'), WP_Hook->do_action, WP_Hook->apply_filters, Phone_Verification_Ajax_Handlers->check_network_prefix, Phone_Verification_Service->check_network_prefix
[02-Oct-2025 03:11:52 UTC] WordPress database error Table 'local.wp_phone_network_prefixes' doesn't exist for query SELECT * FROM wp_phone_network_prefixes WHERE prefix = '85' made by do_action('wp_ajax_check_network_prefix'), WP_Hook->do_action, WP_Hook->apply_filters, Phone_Verification_Ajax_Handlers->check_network_prefix, Phone_Verification_Service->check_network_prefix
[02-Oct-2025 03:11:52 UTC] WordPress database error Table 'local.wp_phone_network_prefixes' doesn't exist for query SELECT * FROM wp_phone_network_prefixes WHERE prefix LIKE '8551285%' ORDER BY prefix ASC made by do_action('wp_ajax_check_network_prefix'), WP_Hook->do_action, WP_Hook->apply_filters, Phone_Verification_Ajax_Handlers->check_network_prefix, Phone_Verification_Service->check_network_prefix
[02-Oct-2025 03:11:54 UTC] WordPress database error Table 'local.wp_phone_network_prefixes' doesn't exist for query SELECT * FROM wp_phone_network_prefixes WHERE prefix = '855128' AND min_length <= 11 AND max_length >= 11 made by do_action('wp_ajax_check_network_prefix'), WP_Hook->do_action, WP_Hook->apply_filters, Phone_Verification_Ajax_Handlers->check_network_prefix, Phone_Verification_Service->check_network_prefix
[02-Oct-2025 03:11:54 UTC] WordPress database error Table 'local.wp_phone_network_prefixes' doesn't exist for query SELECT * FROM wp_phone_network_prefixes WHERE prefix = '85512' AND min_length <= 11 AND max_length >= 11 made by do_action('wp_ajax_check_network_prefix'), WP_Hook->do_action, WP_Hook->apply_filters, Phone_Verification_Ajax_Handlers->check_network_prefix, Phone_Verification_Service->check_network_prefix
[02-Oct-2025 03:11:54 UTC] WordPress database error Table 'local.wp_phone_network_prefixes' doesn't exist for query SELECT * FROM wp_phone_network_prefixes WHERE prefix = '8551' AND min_length <= 11 AND max_length >= 11 made by do_action('wp_ajax_check_network_prefix'), WP_Hook->do_action, WP_Hook->apply_filters, Phone_Verification_Ajax_Handlers->check_network_prefix, Phone_Verification_Service->check_network_prefix
[02-Oct-2025 03:11:54 UTC] WordPress database error Table 'local.wp_phone_network_prefixes' doesn't exist for query SELECT * FROM wp_phone_network_prefixes WHERE prefix = '855' AND min_length <= 11 AND max_length >= 11 made by do_action('wp_ajax_check_network_prefix'), WP_Hook->do_action, WP_Hook->apply_filters, Phone_Verification_Ajax_Handlers->check_network_prefix, Phone_Verification_Service->check_network_prefix
[02-Oct-2025 03:11:54 UTC] WordPress database error Table 'local.wp_phone_network_prefixes' doesn't exist for query SELECT * FROM wp_phone_network_prefixes WHERE prefix = '85' AND min_length <= 11 AND max_length >= 11 made by do_action('wp_ajax_check_network_prefix'), WP_Hook->do_action, WP_Hook->apply_filters, Phone_Verification_Ajax_Handlers->check_network_prefix, Phone_Verification_Service->check_network_prefix
[02-Oct-2025 03:11:54 UTC] WordPress database error Table 'local.wp_phone_network_prefixes' doesn't exist for query SELECT * FROM wp_phone_network_prefixes WHERE prefix = '855128' made by do_action('wp_ajax_check_network_prefix'), WP_Hook->do_action, WP_Hook->apply_filters, Phone_Verification_Ajax_Handlers->check_network_prefix, Phone_Verification_Service->check_network_prefix
[02-Oct-2025 03:11:54 UTC] WordPress database error Table 'local.wp_phone_network_prefixes' doesn't exist for query SELECT * FROM wp_phone_network_prefixes WHERE prefix = '85512' made by do_action('wp_ajax_check_network_prefix'), WP_Hook->do_action, WP_Hook->apply_filters, Phone_Verification_Ajax_Handlers->check_network_prefix, Phone_Verification_Service->check_network_prefix
[02-Oct-2025 03:11:54 UTC] WordPress database error Table 'local.wp_phone_network_prefixes' doesn't exist for query SELECT * FROM wp_phone_network_prefixes WHERE prefix = '8551' made by do_action('wp_ajax_check_network_prefix'), WP_Hook->do_action, WP_Hook->apply_filters, Phone_Verification_Ajax_Handlers->check_network_prefix, Phone_Verification_Service->check_network_prefix
[02-Oct-2025 03:11:54 UTC] WordPress database error Table 'local.wp_phone_network_prefixes' doesn't exist for query SELECT * FROM wp_phone_network_prefixes WHERE prefix = '855' made by do_action('wp_ajax_check_network_prefix'), WP_Hook->do_action, WP_Hook->apply_filters, Phone_Verification_Ajax_Handlers->check_network_prefix, Phone_Verification_Service->check_network_prefix
[02-Oct-2025 03:11:54 UTC] WordPress database error Table 'local.wp_phone_network_prefixes' doesn't exist for query SELECT * FROM wp_phone_network_prefixes WHERE prefix = '85' made by do_action('wp_ajax_check_network_prefix'), WP_Hook->do_action, WP_Hook->apply_filters, Phone_Verification_Ajax_Handlers->check_network_prefix, Phone_Verification_Service->check_network_prefix
[02-Oct-2025 03:11:54 UTC] WordPress database error Table 'local.wp_phone_network_prefixes' doesn't exist for query SELECT * FROM wp_phone_network_prefixes WHERE prefix = '855128' made by do_action('wp_ajax_check_network_prefix'), WP_Hook->do_action, WP_Hook->apply_filters, Phone_Verification_Ajax_Handlers->check_network_prefix, Phone_Verification_Service->check_network_prefix
[02-Oct-2025 03:11:54 UTC] WordPress database error Table 'local.wp_phone_network_prefixes' doesn't exist for query SELECT * FROM wp_phone_network_prefixes WHERE prefix = '85512' made by do_action('wp_ajax_check_network_prefix'), WP_Hook->do_action, WP_Hook->apply_filters, Phone_Verification_Ajax_Handlers->check_network_prefix, Phone_Verification_Service->check_network_prefix
[02-Oct-2025 03:11:54 UTC] WordPress database error Table 'local.wp_phone_network_prefixes' doesn't exist for query SELECT * FROM wp_phone_network_prefixes WHERE prefix = '8551' made by do_action('wp_ajax_check_network_prefix'), WP_Hook->do_action, WP_Hook->apply_filters, Phone_Verification_Ajax_Handlers->check_network_prefix, Phone_Verification_Service->check_network_prefix
[02-Oct-2025 03:11:54 UTC] WordPress database error Table 'local.wp_phone_network_prefixes' doesn't exist for query SELECT * FROM wp_phone_network_prefixes WHERE prefix = '855' made by do_action('wp_ajax_check_network_prefix'), WP_Hook->do_action, WP_Hook->apply_filters, Phone_Verification_Ajax_Handlers->check_network_prefix, Phone_Verification_Service->check_network_prefix
[02-Oct-2025 03:11:54 UTC] WordPress database error Table 'local.wp_phone_network_prefixes' doesn't exist for query SELECT * FROM wp_phone_network_prefixes WHERE prefix = '85' made by do_action('wp_ajax_check_network_prefix'), WP_Hook->do_action, WP_Hook->apply_filters, Phone_Verification_Ajax_Handlers->check_network_prefix, Phone_Verification_Service->check_network_prefix
[02-Oct-2025 03:26:12 UTC] AJAX verify_phone called for: 85512851782
[02-Oct-2025 03:26:12 UTC] TMT API Request - verified live coverage for: 85512851782
[02-Oct-2025 03:26:13 UTC] Verification result saved and cached for: 85512851782
[02-Oct-2025 03:26:13 UTC] Verification result: {"success":true,"phone_number":85512851782,"cic":"855502","error":1,"imsi":"45601XXXXXXXXXX","mcc":"456","mnc":"01","network":"CellCard","number":85512851782,"ported":false,"present":"no","status":0,"status_message":"Success","type":"mobile","trxid":"PvRcJF0x","prefix":"85512","country_name":"Cambodia","min_length":"11","max_length":"12","live_coverage":true,"network_name":"KH Cellcard Mobile"}
[02-Oct-2025 03:50:55 UTC] PHP Fatal error:  Uncaught Error: Call to undefined function esc_js_e() in /home/smith/Local Sites/bigfoot/app/public/wp-content/plugins/phone-verification/templates/admin/prefixes-page.php:444
Stack trace:
#0 /home/smith/Local Sites/bigfoot/app/public/wp-content/plugins/phone-verification/phone-verification.php(226): include()
#1 /home/smith/Local Sites/bigfoot/app/public/wp-includes/class-wp-hook.php(324): PhoneVerificationPlugin->prefixes_page('')
#2 /home/smith/Local Sites/bigfoot/app/public/wp-includes/class-wp-hook.php(348): WP_Hook->apply_filters('', Array)
#3 /home/smith/Local Sites/bigfoot/app/public/wp-includes/plugin.php(517): WP_Hook->do_action(Array)
#4 /home/smith/Local Sites/bigfoot/app/public/wp-admin/admin.php(260): do_action('phone-verificat...')
#5 {main}
  thrown in /home/smith/Local Sites/bigfoot/app/public/wp-content/plugins/phone-verification/templates/admin/prefixes-page.php on line 444
[02-Oct-2025 03:51:12 UTC] PHP Fatal error:  Uncaught Error: Call to undefined function esc_js_e() in /home/smith/Local Sites/bigfoot/app/public/wp-content/plugins/phone-verification/templates/admin/settings-page.php:233
Stack trace:
#0 /home/smith/Local Sites/bigfoot/app/public/wp-content/plugins/phone-verification/phone-verification.php(222): include()
#1 /home/smith/Local Sites/bigfoot/app/public/wp-includes/class-wp-hook.php(324): PhoneVerificationPlugin->settings_page('')
#2 /home/smith/Local Sites/bigfoot/app/public/wp-includes/class-wp-hook.php(348): WP_Hook->apply_filters('', Array)
#3 /home/smith/Local Sites/bigfoot/app/public/wp-includes/plugin.php(517): WP_Hook->do_action(Array)
#4 /home/smith/Local Sites/bigfoot/app/public/wp-admin/admin.php(260): do_action('phone-verificat...')
#5 {main}
  thrown in /home/smith/Local Sites/bigfoot/app/public/wp-content/plugins/phone-verification/templates/admin/settings-page.php on line 233
[02-Oct-2025 04:00:20 UTC] AJAX verify_phone called for: 85512851782
[02-Oct-2025 04:00:20 UTC] Phone verification found in transient cache: 85512851782
[02-Oct-2025 04:00:20 UTC] Verification result: {"cic":"855502","error":1,"imsi":"45601XXXXXXXXXX","mcc":"456","mnc":"01","network":"CellCard","ported":0,"present":"no","status":0,"status_message":"Success","type":"mobile","trxid":"PvRcJF0x","prefix":"85512","updated_at":"2025-10-02 03:26:13","number":85512851782,"created_at":"2025-10-02 03:26:13","cached":true,"network_name":"CellCard","phone_number":85512851782,"live_coverage":true,"country_name":"Unknown"}
[02-Oct-2025 04:00:20 UTC] PHP Warning:  Undefined array key "success" in /home/smith/Local Sites/bigfoot/app/public/wp-content/plugins/phone-verification/includes/class-ajax-handlers.php on line 70
[02-Oct-2025 04:01:25 UTC] AJAX verify_phone called for: 85512851782
[02-Oct-2025 04:01:25 UTC] Phone verification found in transient cache: 85512851782
[02-Oct-2025 04:01:25 UTC] Verification result: {"cic":"855502","error":1,"imsi":"45601XXXXXXXXXX","mcc":"456","mnc":"01","network":"CellCard","ported":0,"present":"no","status":0,"status_message":"Success","type":"mobile","trxid":"PvRcJF0x","prefix":"85512","updated_at":"2025-10-02 03:26:13","number":85512851782,"created_at":"2025-10-02 03:26:13","cached":true,"network_name":"CellCard","phone_number":85512851782,"live_coverage":true,"country_name":"Unknown"}
[02-Oct-2025 04:01:25 UTC] PHP Warning:  Undefined array key "success" in /home/smith/Local Sites/bigfoot/app/public/wp-content/plugins/phone-verification/includes/class-ajax-handlers.php on line 70
[02-Oct-2025 04:01:49 UTC] TMT API Request - verified live coverage for: 85592313242
[02-Oct-2025 04:01:51 UTC] Verification result saved and cached for: 85592313242
[02-Oct-2025 04:01:52 UTC] TMT API Request - verified live coverage for: 85561999888
[02-Oct-2025 04:01:54 UTC] Verification result saved and cached for: 85561999888
[02-Oct-2025 04:01:54 UTC] TMT API Request - verified live coverage for: 85512333222
[02-Oct-2025 04:01:56 UTC] Verification result saved and cached for: 85512333222
[02-Oct-2025 04:01:56 UTC] TMT API Request - verified live coverage for: 85585999777
[02-Oct-2025 04:01:58 UTC] Verification result saved and cached for: 85585999777
[02-Oct-2025 04:04:36 UTC] PHP Warning:  Undefined array key "success" in /home/smith/Local Sites/bigfoot/app/public/wp-content/plugins/phone-verification/includes/class-ajax-handlers.php on line 135
[02-Oct-2025 04:04:36 UTC] PHP Warning:  Undefined array key "success" in /home/smith/Local Sites/bigfoot/app/public/wp-content/plugins/phone-verification/includes/class-ajax-handlers.php on line 135
[02-Oct-2025 04:04:36 UTC] PHP Warning:  Undefined array key "success" in /home/smith/Local Sites/bigfoot/app/public/wp-content/plugins/phone-verification/includes/class-ajax-handlers.php on line 135
[02-Oct-2025 04:04:36 UTC] PHP Warning:  Undefined array key "success" in /home/smith/Local Sites/bigfoot/app/public/wp-content/plugins/phone-verification/includes/class-ajax-handlers.php on line 135
[02-Oct-2025 04:06:06 UTC] PHP Fatal error:  Uncaught Error: Call to undefined function esc_js_e() in /home/smith/Local Sites/bigfoot/app/public/wp-content/plugins/phone-verification/templates/admin/settings-page.php:233
Stack trace:
#0 /home/smith/Local Sites/bigfoot/app/public/wp-content/plugins/phone-verification/phone-verification.php(222): include()
#1 /home/smith/Local Sites/bigfoot/app/public/wp-includes/class-wp-hook.php(324): PhoneVerificationPlugin->settings_page('')
#2 /home/smith/Local Sites/bigfoot/app/public/wp-includes/class-wp-hook.php(348): WP_Hook->apply_filters('', Array)
#3 /home/smith/Local Sites/bigfoot/app/public/wp-includes/plugin.php(517): WP_Hook->do_action(Array)
#4 /home/smith/Local Sites/bigfoot/app/public/wp-admin/admin.php(260): do_action('phone-verificat...')
#5 {main}
  thrown in /home/smith/Local Sites/bigfoot/app/public/wp-content/plugins/phone-verification/templates/admin/settings-page.php on line 233
[02-Oct-2025 04:06:08 UTC] PHP Fatal error:  Uncaught Error: Call to undefined function esc_js_e() in /home/smith/Local Sites/bigfoot/app/public/wp-content/plugins/phone-verification/templates/admin/prefixes-page.php:444
Stack trace:
#0 /home/smith/Local Sites/bigfoot/app/public/wp-content/plugins/phone-verification/phone-verification.php(226): include()
#1 /home/smith/Local Sites/bigfoot/app/public/wp-includes/class-wp-hook.php(324): PhoneVerificationPlugin->prefixes_page('')
#2 /home/smith/Local Sites/bigfoot/app/public/wp-includes/class-wp-hook.php(348): WP_Hook->apply_filters('', Array)
#3 /home/smith/Local Sites/bigfoot/app/public/wp-includes/plugin.php(517): WP_Hook->do_action(Array)
#4 /home/smith/Local Sites/bigfoot/app/public/wp-admin/admin.php(260): do_action('phone-verificat...')
#5 {main}
  thrown in /home/smith/Local Sites/bigfoot/app/public/wp-content/plugins/phone-verification/templates/admin/prefixes-page.php on line 444
[02-Oct-2025 04:12:57 UTC] PHP Warning:  Undefined array key "success" in /home/smith/Local Sites/bigfoot/app/public/wp-content/plugins/phone-verification/includes/class-ajax-handlers.php on line 135
[02-Oct-2025 04:12:57 UTC] PHP Warning:  Undefined array key "success" in /home/smith/Local Sites/bigfoot/app/public/wp-content/plugins/phone-verification/includes/class-ajax-handlers.php on line 135
[02-Oct-2025 04:12:57 UTC] PHP Warning:  Undefined array key "success" in /home/smith/Local Sites/bigfoot/app/public/wp-content/plugins/phone-verification/includes/class-ajax-handlers.php on line 135
[02-Oct-2025 04:12:57 UTC] PHP Warning:  Undefined array key "success" in /home/smith/Local Sites/bigfoot/app/public/wp-content/plugins/phone-verification/includes/class-ajax-handlers.php on line 135
[02-Oct-2025 04:17:03 UTC] AJAX verify_phone called for: 85512923134
[02-Oct-2025 04:17:03 UTC] TMT API Request - verified live coverage for: 85512923134
[02-Oct-2025 04:17:05 UTC] Verification result saved and cached for: 85512923134
[02-Oct-2025 04:17:05 UTC] Verification result: {"success":true,"phone_number":85512923134,"cic":"855502","error":0,"imsi":"45601XXXXXXXXXX","mcc":"456","mnc":"01","network":"CellCard","number":85512923134,"ported":false,"present":"yes","status":0,"status_message":"Success","type":"mobile","trxid":"_w4PO6Qz","prefix":"85512","country_name":"Cambodia","min_length":"11","max_length":"12","live_coverage":true,"network_name":"KH Cellcard Mobile"}
[02-Oct-2025 04:17:48 UTC] AJAX verify_phone called for: 85596923134
[02-Oct-2025 04:17:48 UTC] Skipping API call for phone number with no live coverage: 85596923134
[02-Oct-2025 04:17:48 UTC] Verification result: {"success":false,"error":"Phone number has no live coverage - API verification skipped to save costs","phone_number":"85596923134","network":"KH Smart Mobile","country_name":"Cambodia","mcc":"456","mnc":"02","type":"mobile","status":999,"status_message":"No Live Coverage","ported":false,"present":"no","trxid":null,"skip_reason":"no_live_coverage","prefix_info":{"success":true,"phone_number":"85596923134","prefix":"85596","country_name":"Cambodia","network_name":"KH Smart Mobile","mcc":"456","mnc":"02","live_coverage":false,"min_length":"11","max_length":"11","has_carrier_data":true}}
[02-Oct-2025 04:17:59 UTC] AJAX verify_phone called for: 85596843242
[02-Oct-2025 04:17:59 UTC] Skipping API call for phone number with no live coverage: 85596843242
[02-Oct-2025 04:17:59 UTC] Verification result: {"success":false,"error":"Phone number has no live coverage - API verification skipped to save costs","phone_number":"85596843242","network":"KH Smart Mobile","country_name":"Cambodia","mcc":"456","mnc":"02","type":"mobile","status":999,"status_message":"No Live Coverage","ported":false,"present":"no","trxid":null,"skip_reason":"no_live_coverage","prefix_info":{"success":true,"phone_number":"85596843242","prefix":"85596","country_name":"Cambodia","network_name":"KH Smart Mobile","mcc":"456","mnc":"02","live_coverage":false,"min_length":"11","max_length":"11","has_carrier_data":true}}
[02-Oct-2025 04:19:09 UTC] PHP Warning:  Undefined array key "success" in /home/smith/Local Sites/bigfoot/app/public/wp-content/plugins/phone-verification/includes/class-ajax-handlers.php on line 144
[02-Oct-2025 04:19:09 UTC] PHP Warning:  Undefined array key "success" in /home/smith/Local Sites/bigfoot/app/public/wp-content/plugins/phone-verification/includes/class-ajax-handlers.php on line 144
[02-Oct-2025 04:19:09 UTC] PHP Warning:  Undefined array key "success" in /home/smith/Local Sites/bigfoot/app/public/wp-content/plugins/phone-verification/includes/class-ajax-handlers.php on line 144
[02-Oct-2025 04:19:09 UTC] PHP Warning:  Undefined array key "success" in /home/smith/Local Sites/bigfoot/app/public/wp-content/plugins/phone-verification/includes/class-ajax-handlers.php on line 144
[02-Oct-2025 04:22:14 UTC] PHP Warning:  Undefined array key "success" in /home/smith/Local Sites/bigfoot/app/public/wp-content/plugins/phone-verification/includes/class-ajax-handlers.php on line 144
[02-Oct-2025 04:22:14 UTC] PHP Warning:  Undefined array key "success" in /home/smith/Local Sites/bigfoot/app/public/wp-content/plugins/phone-verification/includes/class-ajax-handlers.php on line 144
[02-Oct-2025 04:22:14 UTC] PHP Warning:  Undefined array key "success" in /home/smith/Local Sites/bigfoot/app/public/wp-content/plugins/phone-verification/includes/class-ajax-handlers.php on line 144
[02-Oct-2025 04:22:14 UTC] PHP Warning:  Undefined array key "success" in /home/smith/Local Sites/bigfoot/app/public/wp-content/plugins/phone-verification/includes/class-ajax-handlers.php on line 144
[02-Oct-2025 04:45:04 UTC] AJAX verify_phone called for: 85596851782
[02-Oct-2025 04:45:04 UTC] Skipping API call for phone number with no live coverage: 85596851782
[02-Oct-2025 04:45:04 UTC] Verification result: {"success":false,"error":"Phone number has no live coverage - API verification skipped to save costs","phone_number":"85596851782","network":"KH Smart Mobile","country_name":"Cambodia","mcc":"456","mnc":"02","type":"mobile","status":999,"status_message":"No Live Coverage","ported":false,"present":"no","trxid":null,"skip_reason":"no_live_coverage","prefix_info":{"success":true,"phone_number":"85596851782","prefix":"85596","country_name":"Cambodia","network_name":"KH Smart Mobile","mcc":"456","mnc":"02","live_coverage":false,"min_length":"11","max_length":"11","has_carrier_data":true}}
[02-Oct-2025 04:47:00 UTC] PHP Warning:  Undefined array key "success" in /home/smith/Local Sites/bigfoot/app/public/wp-content/plugins/phone-verification/includes/class-ajax-handlers.php on line 144
[02-Oct-2025 04:47:00 UTC] PHP Warning:  Undefined array key "success" in /home/smith/Local Sites/bigfoot/app/public/wp-content/plugins/phone-verification/includes/class-ajax-handlers.php on line 144
[02-Oct-2025 04:47:00 UTC] PHP Warning:  Undefined array key "success" in /home/smith/Local Sites/bigfoot/app/public/wp-content/plugins/phone-verification/includes/class-ajax-handlers.php on line 144
[02-Oct-2025 04:47:00 UTC] PHP Warning:  Undefined array key "success" in /home/smith/Local Sites/bigfoot/app/public/wp-content/plugins/phone-verification/includes/class-ajax-handlers.php on line 144
[02-Oct-2025 04:48:20 UTC] PHP Warning:  Undefined array key "success" in /home/smith/Local Sites/bigfoot/app/public/wp-content/plugins/phone-verification/includes/class-ajax-handlers.php on line 144
[02-Oct-2025 04:48:20 UTC] PHP Warning:  Undefined array key "success" in /home/smith/Local Sites/bigfoot/app/public/wp-content/plugins/phone-verification/includes/class-ajax-handlers.php on line 144
[02-Oct-2025 04:48:20 UTC] PHP Warning:  Undefined array key "success" in /home/smith/Local Sites/bigfoot/app/public/wp-content/plugins/phone-verification/includes/class-ajax-handlers.php on line 144
[02-Oct-2025 04:48:20 UTC] PHP Warning:  Undefined array key "success" in /home/smith/Local Sites/bigfoot/app/public/wp-content/plugins/phone-verification/includes/class-ajax-handlers.php on line 144
[02-Oct-2025 04:49:03 UTC] PHP Warning:  Undefined array key "success" in /home/smith/Local Sites/bigfoot/app/public/wp-content/plugins/phone-verification/includes/class-ajax-handlers.php on line 144
[02-Oct-2025 04:49:03 UTC] PHP Warning:  Undefined array key "success" in /home/smith/Local Sites/bigfoot/app/public/wp-content/plugins/phone-verification/includes/class-ajax-handlers.php on line 144
[02-Oct-2025 04:49:03 UTC] PHP Warning:  Undefined array key "success" in /home/smith/Local Sites/bigfoot/app/public/wp-content/plugins/phone-verification/includes/class-ajax-handlers.php on line 144
[02-Oct-2025 04:49:03 UTC] PHP Warning:  Undefined array key "success" in /home/smith/Local Sites/bigfoot/app/public/wp-content/plugins/phone-verification/includes/class-ajax-handlers.php on line 144
[02-Oct-2025 04:50:56 UTC] AJAX verify_phone called for: 855128573123
[02-Oct-2025 04:50:56 UTC] TMT API Request - verified live coverage for: 855128573123
[02-Oct-2025 04:50:58 UTC] Verification result saved and cached for: 855128573123
[02-Oct-2025 04:50:58 UTC] Verification result: {"success":true,"phone_number":855128573123,"cic":"855502","error":1,"imsi":"45601XXXXXXXXXX","mcc":"456","mnc":"01","network":"CellCard","number":855128573123,"ported":false,"present":"no","status":0,"status_message":"Success","type":"mobile","trxid":"QMk9Xu2t","prefix":"85512","country_name":"Cambodia","min_length":"11","max_length":"12","live_coverage":true,"network_name":"KH Cellcard Mobile"}
[02-Oct-2025 04:51:13 UTC] PHP Warning:  Undefined array key "success" in /home/smith/Local Sites/bigfoot/app/public/wp-content/plugins/phone-verification/includes/class-ajax-handlers.php on line 144
[02-Oct-2025 04:51:13 UTC] PHP Warning:  Undefined array key "success" in /home/smith/Local Sites/bigfoot/app/public/wp-content/plugins/phone-verification/includes/class-ajax-handlers.php on line 144
[02-Oct-2025 04:51:13 UTC] PHP Warning:  Undefined array key "success" in /home/smith/Local Sites/bigfoot/app/public/wp-content/plugins/phone-verification/includes/class-ajax-handlers.php on line 144
[02-Oct-2025 04:51:13 UTC] PHP Warning:  Undefined array key "success" in /home/smith/Local Sites/bigfoot/app/public/wp-content/plugins/phone-verification/includes/class-ajax-handlers.php on line 144
[02-Oct-2025 04:53:41 UTC] PHP Warning:  Undefined array key "success" in /home/smith/Local Sites/bigfoot/app/public/wp-content/plugins/phone-verification/includes/class-ajax-handlers.php on line 144
[02-Oct-2025 04:53:41 UTC] PHP Warning:  Undefined array key "success" in /home/smith/Local Sites/bigfoot/app/public/wp-content/plugins/phone-verification/includes/class-ajax-handlers.php on line 144
[02-Oct-2025 04:53:41 UTC] PHP Warning:  Undefined array key "success" in /home/smith/Local Sites/bigfoot/app/public/wp-content/plugins/phone-verification/includes/class-ajax-handlers.php on line 144
[02-Oct-2025 04:53:41 UTC] PHP Warning:  Undefined array key "success" in /home/smith/Local Sites/bigfoot/app/public/wp-content/plugins/phone-verification/includes/class-ajax-handlers.php on line 144
[02-Oct-2025 05:22:22 UTC] AJAX verify_phone called for: 85512851782
[02-Oct-2025 05:22:22 UTC] Phone verification found in database: 85512851782
[02-Oct-2025 05:22:22 UTC] Verification result: {"success":true,"phone_number":"85512851782","number":"85512851782","cic":"855502","error":"1","imsi":"45601XXXXXXXXXX","mcc":"456","mnc":"01","network":"CellCard","network_name":"CellCard","ported":false,"present":"no","status":"0","status_message":"Success","type":"mobile","trxid":"PvRcJF0x","prefix":"85512","country_name":"Unknown","min_length":null,"max_length":null,"live_coverage":true,"cached":true}
[02-Oct-2025 05:22:34 UTC] AJAX verify_phone called for: 85512312381
[02-Oct-2025 05:22:34 UTC] TMT API Request - verified live coverage for: 85512312381
[02-Oct-2025 05:22:41 UTC] Verification result saved and cached for: 85512312381
[02-Oct-2025 05:22:41 UTC] Verification result: {"success":true,"phone_number":85512312381,"cic":"855502","error":0,"imsi":"45601XXXXXXXXXX","mcc":"456","mnc":"01","network":"CellCard","number":85512312381,"ported":false,"present":"yes","status":0,"status_message":"Success","type":"mobile","trxid":"qtBjM0vk","prefix":"85512","country_name":"Cambodia","min_length":"11","max_length":"12","live_coverage":true,"network_name":"KH Cellcard Mobile"}
[02-Oct-2025 05:22:49 UTC] AJAX verify_phone called for: 85512851283
[02-Oct-2025 05:22:49 UTC] TMT API Request - verified live coverage for: 85512851283
[02-Oct-2025 05:22:51 UTC] Verification result saved and cached for: 85512851283
[02-Oct-2025 05:22:51 UTC] Verification result: {"success":true,"phone_number":85512851283,"cic":"855502","error":0,"imsi":"45601XXXXXXXXXX","mcc":"456","mnc":"01","network":"CellCard","number":85512851283,"ported":false,"present":"yes","status":0,"status_message":"Success","type":"mobile","trxid":"LNsIW8a2","prefix":"85512","country_name":"Cambodia","min_length":"11","max_length":"12","live_coverage":true,"network_name":"KH Cellcard Mobile"}
[02-Oct-2025 05:46:42 UTC] PHP Fatal error:  Uncaught Error: Call to undefined function esc_js_e() in /home/smith/Local Sites/bigfoot/app/public/wp-content/plugins/phone-verification/templates/admin/prefixes-page.php:444
Stack trace:
#0 /home/smith/Local Sites/bigfoot/app/public/wp-content/plugins/phone-verification/phone-verification.php(226): include()
#1 /home/smith/Local Sites/bigfoot/app/public/wp-includes/class-wp-hook.php(324): PhoneVerificationPlugin->prefixes_page('')
#2 /home/smith/Local Sites/bigfoot/app/public/wp-includes/class-wp-hook.php(348): WP_Hook->apply_filters('', Array)
#3 /home/smith/Local Sites/bigfoot/app/public/wp-includes/plugin.php(517): WP_Hook->do_action(Array)
#4 /home/smith/Local Sites/bigfoot/app/public/wp-admin/admin.php(260): do_action('phone-verificat...')
#5 {main}
  thrown in /home/smith/Local Sites/bigfoot/app/public/wp-content/plugins/phone-verification/templates/admin/prefixes-page.php on line 444
[02-Oct-2025 07:13:03 UTC] PHP Fatal error:  Uncaught Error: Call to undefined function esc_js_e() in /home/smith/Local Sites/bigfoot/app/public/wp-content/plugins/phone-verification/templates/admin/prefixes-page.php:444
Stack trace:
#0 /home/smith/Local Sites/bigfoot/app/public/wp-content/plugins/phone-verification/phone-verification.php(226): include()
#1 /home/smith/Local Sites/bigfoot/app/public/wp-includes/class-wp-hook.php(324): PhoneVerificationPlugin->prefixes_page('')
#2 /home/smith/Local Sites/bigfoot/app/public/wp-includes/class-wp-hook.php(348): WP_Hook->apply_filters('', Array)
#3 /home/smith/Local Sites/bigfoot/app/public/wp-includes/plugin.php(517): WP_Hook->do_action(Array)
#4 /home/smith/Local Sites/bigfoot/app/public/wp-admin/admin.php(260): do_action('phone-verificat...')
#5 {main}
  thrown in /home/smith/Local Sites/bigfoot/app/public/wp-content/plugins/phone-verification/templates/admin/prefixes-page.php on line 444
[02-Oct-2025 07:40:47 UTC] PHP Fatal error:  Uncaught Error: Call to undefined function esc_js_e() in /home/smith/Local Sites/bigfoot/app/public/wp-content/plugins/phone-verification/templates/admin/prefixes-page.php:444
Stack trace:
#0 /home/smith/Local Sites/bigfoot/app/public/wp-content/plugins/phone-verification/phone-verification.php(226): include()
#1 /home/smith/Local Sites/bigfoot/app/public/wp-includes/class-wp-hook.php(324): PhoneVerificationPlugin->prefixes_page('')
#2 /home/smith/Local Sites/bigfoot/app/public/wp-includes/class-wp-hook.php(348): WP_Hook->apply_filters('', Array)
#3 /home/smith/Local Sites/bigfoot/app/public/wp-includes/plugin.php(517): WP_Hook->do_action(Array)
#4 /home/smith/Local Sites/bigfoot/app/public/wp-admin/admin.php(260): do_action('phone-verificat...')
#5 {main}
  thrown in /home/smith/Local Sites/bigfoot/app/public/wp-content/plugins/phone-verification/templates/admin/prefixes-page.php on line 444
